<?xml version="1.0" encoding="UTF-8"?>
<!-- Generated by org.testng.reporters.JUnitXMLReporter -->
<testsuite hostname="Amit-PC" ignored="0" name="Test" tests="4" failures="1" timestamp="30 Mar 2019 17:45:53 GMT" time="284.943" errors="0">
  <testcase name="CorrectLogin" time="137.753" classname="TestCases.LoginToApplication">
    <failure type="java.lang.NullPointerException">
      <![CDATA[java.lang.NullPointerException
at org.openqa.selenium.support.pagefactory.internal.LocatingElementHandler.invoke(LocatingElementHandler.java:51)
at com.sun.proxy.$Proxy10.isDisplayed(Unknown Source)
at TestCases.LoginToApplication.CorrectLogin(LoginToApplication.java:42)
... Removed 29 stack frames]]>
    </failure>
  </testcase> <!-- CorrectLogin -->
  <testcase name="CorrectLogin" time="5.21" classname="TestCases.LoginToApplication"/>
  <testcase name="CorrectLogin" time="7.218" classname="TestCases.LoginToApplication"/>
  <testcase name="CorrectLogin" time="5.953" classname="TestCases.LoginToApplication"/>
</testsuite> <!-- Test -->
