<?xml version="1.0" encoding="UTF-8"?>
<testng-results skipped="0" failed="1" ignored="0" total="4" passed="3">
  <reporter-output>
  </reporter-output>
  <suite name="Suite" duration-ms="284943" started-at="2019-03-30T17:41:08Z" finished-at="2019-03-30T17:45:53Z">
    <groups>
    </groups>
    <test name="Test" duration-ms="284943" started-at="2019-03-30T17:41:08Z" finished-at="2019-03-30T17:45:53Z">
      <class name="TestCases.LoginToApplication">
        <test-method status="PASS" signature="ReadPropertiesFile()[pri:0, instance:TestCases.LoginToApplication@77cd7a0]" name="ReadPropertiesFile" is-config="true" duration-ms="30" started-at="2019-03-30T17:41:08Z" finished-at="2019-03-30T17:41:08Z">
          <reporter-output>
          </reporter-output>
        </test-method> <!-- ReadPropertiesFile -->
        <test-method status="PASS" signature="Setup()[pri:0, instance:TestCases.LoginToApplication@77cd7a0]" name="Setup" is-config="true" duration-ms="40217" started-at="2019-03-30T17:41:09Z" finished-at="2019-03-30T17:41:49Z">
          <reporter-output>
          </reporter-output>
        </test-method> <!-- Setup -->
        <test-method status="FAIL" signature="CorrectLogin(java.lang.String, java.lang.String)[pri:1, instance:TestCases.LoginToApplication@77cd7a0]" name="CorrectLogin" duration-ms="137753" started-at="2019-03-30T17:41:49Z" description="Enter valid and invalid username and password" data-provider="ReadDatafromExcel" finished-at="2019-03-30T17:44:07Z">
          <params>
            <param index="0">
              <value>
                <![CDATA[user@phptravels.com]]>
              </value>
            </param>
            <param index="1">
              <value>
                <![CDATA[demouser]]>
              </value>
            </param>
          </params>
          <exception class="java.lang.NullPointerException">
            <full-stacktrace>
              <![CDATA[java.lang.NullPointerException
at sun.reflect.NativeMethodAccessorImpl.invoke0(Native Method)
at sun.reflect.NativeMethodAccessorImpl.invoke(NativeMethodAccessorImpl.java:62)
at sun.reflect.DelegatingMethodAccessorImpl.invoke(DelegatingMethodAccessorImpl.java:43)
at java.lang.reflect.Method.invoke(Method.java:497)
at org.openqa.selenium.support.pagefactory.internal.LocatingElementHandler.invoke(LocatingElementHandler.java:51)
at com.sun.proxy.$Proxy10.isDisplayed(Unknown Source)
at TestCases.LoginToApplication.CorrectLogin(LoginToApplication.java:42)
at sun.reflect.NativeMethodAccessorImpl.invoke0(Native Method)
at sun.reflect.NativeMethodAccessorImpl.invoke(NativeMethodAccessorImpl.java:62)
at sun.reflect.DelegatingMethodAccessorImpl.invoke(DelegatingMethodAccessorImpl.java:43)
at java.lang.reflect.Method.invoke(Method.java:497)
at org.testng.internal.MethodInvocationHelper.invokeMethod(MethodInvocationHelper.java:124)
at org.testng.internal.Invoker.invokeMethod(Invoker.java:583)
at org.testng.internal.Invoker.invokeTestMethod(Invoker.java:719)
at org.testng.internal.Invoker.invokeTestMethods(Invoker.java:989)
at org.testng.internal.TestMethodWorker.invokeTestMethods(TestMethodWorker.java:125)
at org.testng.internal.TestMethodWorker.run(TestMethodWorker.java:109)
at org.testng.TestRunner.privateRun(TestRunner.java:648)
at org.testng.TestRunner.run(TestRunner.java:505)
at org.testng.SuiteRunner.runTest(SuiteRunner.java:455)
at org.testng.SuiteRunner.runSequentially(SuiteRunner.java:450)
at org.testng.SuiteRunner.privateRun(SuiteRunner.java:415)
at org.testng.SuiteRunner.run(SuiteRunner.java:364)
at org.testng.SuiteRunnerWorker.runSuite(SuiteRunnerWorker.java:52)
at org.testng.SuiteRunnerWorker.run(SuiteRunnerWorker.java:84)
at org.testng.TestNG.runSuitesSequentially(TestNG.java:1208)
at org.testng.TestNG.runSuitesLocally(TestNG.java:1137)
at org.testng.TestNG.runSuites(TestNG.java:1049)
at org.testng.TestNG.run(TestNG.java:1017)
at org.testng.remote.AbstractRemoteTestNG.run(AbstractRemoteTestNG.java:114)
at org.testng.remote.RemoteTestNG.initAndRun(RemoteTestNG.java:251)
at org.testng.remote.RemoteTestNG.main(RemoteTestNG.java:77)
]]>
            </full-stacktrace>
          </exception> <!-- java.lang.NullPointerException -->
          <reporter-output>
          </reporter-output>
        </test-method> <!-- CorrectLogin -->
        <test-method status="PASS" signature="Setup()[pri:0, instance:TestCases.LoginToApplication@77cd7a0]" name="Setup" is-config="true" duration-ms="28020" started-at="2019-03-30T17:44:07Z" finished-at="2019-03-30T17:44:35Z">
          <reporter-output>
          </reporter-output>
        </test-method> <!-- Setup -->
        <test-method status="PASS" signature="CorrectLogin(java.lang.String, java.lang.String)[pri:1, instance:TestCases.LoginToApplication@77cd7a0]" name="CorrectLogin" duration-ms="5210" started-at="2019-03-30T17:44:35Z" description="Enter valid and invalid username and password" data-provider="ReadDatafromExcel" finished-at="2019-03-30T17:44:40Z">
          <params>
            <param index="0">
              <value>
                <![CDATA[ ]]>
              </value>
            </param>
            <param index="1">
              <value>
                <![CDATA[demouser]]>
              </value>
            </param>
          </params>
          <reporter-output>
          </reporter-output>
        </test-method> <!-- CorrectLogin -->
        <test-method status="PASS" signature="Setup()[pri:0, instance:TestCases.LoginToApplication@77cd7a0]" name="Setup" is-config="true" duration-ms="25985" started-at="2019-03-30T17:44:40Z" finished-at="2019-03-30T17:45:06Z">
          <reporter-output>
          </reporter-output>
        </test-method> <!-- Setup -->
        <test-method status="PASS" signature="CorrectLogin(java.lang.String, java.lang.String)[pri:1, instance:TestCases.LoginToApplication@77cd7a0]" name="CorrectLogin" duration-ms="7218" started-at="2019-03-30T17:45:06Z" description="Enter valid and invalid username and password" data-provider="ReadDatafromExcel" finished-at="2019-03-30T17:45:14Z">
          <params>
            <param index="0">
              <value>
                <![CDATA[user@phptravels.com]]>
              </value>
            </param>
            <param index="1">
              <value>
                <![CDATA[ ]]>
              </value>
            </param>
          </params>
          <reporter-output>
          </reporter-output>
        </test-method> <!-- CorrectLogin -->
        <test-method status="PASS" signature="Setup()[pri:0, instance:TestCases.LoginToApplication@77cd7a0]" name="Setup" is-config="true" duration-ms="33263" started-at="2019-03-30T17:45:14Z" finished-at="2019-03-30T17:45:47Z">
          <reporter-output>
          </reporter-output>
        </test-method> <!-- Setup -->
        <test-method status="PASS" signature="CorrectLogin(java.lang.String, java.lang.String)[pri:1, instance:TestCases.LoginToApplication@77cd7a0]" name="CorrectLogin" duration-ms="5953" started-at="2019-03-30T17:45:47Z" description="Enter valid and invalid username and password" data-provider="ReadDatafromExcel" finished-at="2019-03-30T17:45:53Z">
          <params>
            <param index="0">
              <value>
                <![CDATA[ ]]>
              </value>
            </param>
            <param index="1">
              <value>
                <![CDATA[ ]]>
              </value>
            </param>
          </params>
          <reporter-output>
          </reporter-output>
        </test-method> <!-- CorrectLogin -->
      </class> <!-- TestCases.LoginToApplication -->
    </test> <!-- Test -->
  </suite> <!-- Suite -->
</testng-results>
